Running Gradle task 'assembleRelease'...                        
lib/widgets/card_preview.dart:27:9: Error: No named parameter with the name 'aspectRatio'.
        aspectRatio: 4 / 5,
        ^^^^^^^^^^^
/C:/flutter/packages/flutter/lib/src/widgets/container.dart:255:3: Context: Found this candidate, but the arguments don't match.
  Container({
  ^^^^^^^^^
Target kernel_snapshot_program failed: Exception


FAILURE: Build failed with an exception.

* What went wrong:
Execution failed for task ':app:compileFlutterBuildRelease'.
> Process 'command 'C:\flutter\bin\flutter.bat'' finished with non-zero exit value 1

* Try:
> Run with --stacktrace option to get the stack trace.
> Run with --info or --debug option to get more log output.
> Run with --scan to get full insights.
> Get more help at https://help.gradle.org.

BUILD FAILED in 15s
Running Gradle task 'assembleRelease'...                           15.9s
Gradle task assembleRelease failed with exit code 1
